{"E:\\PROJECTS\\RefactoryProjects\\uganda-grading\\index.js": {"path":"E:\\PROJECTS\\RefactoryProjects\\uganda-grading\\index.js","statementMap":{"0":{"start":{"line":1,"column":14},"end":{"line":1,"column":39}},"1":{"start":{"line":2,"column":16},"end":{"line":2,"column":43}},"2":{"start":{"line":4,"column":15},"end":{"line":4,"column":45}},"3":{"start":{"line":5,"column":0},"end":{"line":5,"column":22}},"4":{"start":{"line":7,"column":18},"end":{"line":7,"column":50}},"5":{"start":{"line":8,"column":0},"end":{"line":8,"column":25}},"6":{"start":{"line":10,"column":0},"end":{"line":10,"column":24}}},"fnMap":{},"branchMap":{},"s":{"0":1,"1":1,"2":1,"3":1,"4":1,"5":1,"6":1},"f":{},"b":{},"_coverageSchema":"1a1c01bbd47fc00a2c39e90264f33305004495a9","hash":"4ccea1354d2f318e75ffdf006c08883b5ae7f471"}
,"E:\\PROJECTS\\RefactoryProjects\\uganda-grading\\models\\marks.js": {"path":"E:\\PROJECTS\\RefactoryProjects\\uganda-grading\\models\\marks.js","statementMap":{"0":{"start":{"line":3,"column":4},"end":{"line":3,"column":27}},"1":{"start":{"line":4,"column":4},"end":{"line":4,"column":23}},"2":{"start":{"line":5,"column":4},"end":{"line":5,"column":27}},"3":{"start":{"line":9,"column":15},"end":{"line":9,"column":19}},"4":{"start":{"line":11,"column":4},"end":{"line":32,"column":5}},"5":{"start":{"line":12,"column":6},"end":{"line":12,"column":34}},"6":{"start":{"line":13,"column":6},"end":{"line":13,"column":17}},"7":{"start":{"line":14,"column":11},"end":{"line":32,"column":5}},"8":{"start":{"line":15,"column":6},"end":{"line":15,"column":33}},"9":{"start":{"line":16,"column":6},"end":{"line":16,"column":17}},"10":{"start":{"line":17,"column":11},"end":{"line":32,"column":5}},"11":{"start":{"line":18,"column":6},"end":{"line":18,"column":33}},"12":{"start":{"line":19,"column":6},"end":{"line":19,"column":17}},"13":{"start":{"line":20,"column":11},"end":{"line":32,"column":5}},"14":{"start":{"line":21,"column":6},"end":{"line":21,"column":33}},"15":{"start":{"line":22,"column":6},"end":{"line":22,"column":17}},"16":{"start":{"line":23,"column":11},"end":{"line":32,"column":5}},"17":{"start":{"line":24,"column":6},"end":{"line":24,"column":33}},"18":{"start":{"line":25,"column":6},"end":{"line":25,"column":17}},"19":{"start":{"line":26,"column":11},"end":{"line":32,"column":5}},"20":{"start":{"line":27,"column":6},"end":{"line":27,"column":34}},"21":{"start":{"line":28,"column":6},"end":{"line":28,"column":17}},"22":{"start":{"line":29,"column":11},"end":{"line":32,"column":5}},"23":{"start":{"line":30,"column":6},"end":{"line":30,"column":32}},"24":{"start":{"line":31,"column":6},"end":{"line":31,"column":17}},"25":{"start":{"line":33,"column":4},"end":{"line":33,"column":16}},"26":{"start":{"line":37,"column":16},"end":{"line":37,"column":20}},"27":{"start":{"line":38,"column":4},"end":{"line":41,"column":5}},"28":{"start":{"line":39,"column":6},"end":{"line":39,"column":20}},"29":{"start":{"line":40,"column":6},"end":{"line":40,"column":43}},"30":{"start":{"line":42,"column":4},"end":{"line":45,"column":5}},"31":{"start":{"line":43,"column":6},"end":{"line":43,"column":20}},"32":{"start":{"line":44,"column":6},"end":{"line":44,"column":43}},"33":{"start":{"line":46,"column":4},"end":{"line":49,"column":5}},"34":{"start":{"line":47,"column":6},"end":{"line":47,"column":20}},"35":{"start":{"line":48,"column":6},"end":{"line":48,"column":47}},"36":{"start":{"line":53,"column":0},"end":{"line":53,"column":23}}},"fnMap":{"0":{"name":"(anonymous_0)","decl":{"start":{"line":2,"column":2},"end":{"line":2,"column":3}},"loc":{"start":{"line":2,"column":39},"end":{"line":6,"column":3}},"line":2},"1":{"name":"(anonymous_1)","decl":{"start":{"line":8,"column":2},"end":{"line":8,"column":3}},"loc":{"start":{"line":8,"column":17},"end":{"line":34,"column":3}},"line":8},"2":{"name":"(anonymous_2)","decl":{"start":{"line":36,"column":2},"end":{"line":36,"column":3}},"loc":{"start":{"line":36,"column":13},"end":{"line":50,"column":3}},"line":36}},"branchMap":{"0":{"loc":{"start":{"line":11,"column":4},"end":{"line":32,"column":5}},"type":"if","locations":[{"start":{"line":11,"column":4},"end":{"line":32,"column":5}},{"start":{"line":11,"column":4},"end":{"line":32,"column":5}}],"line":11},"1":{"loc":{"start":{"line":14,"column":11},"end":{"line":32,"column":5}},"type":"if","locations":[{"start":{"line":14,"column":11},"end":{"line":32,"column":5}},{"start":{"line":14,"column":11},"end":{"line":32,"column":5}}],"line":14},"2":{"loc":{"start":{"line":14,"column":14},"end":{"line":14,"column":49}},"type":"binary-expr","locations":[{"start":{"line":14,"column":14},"end":{"line":14,"column":30}},{"start":{"line":14,"column":34},"end":{"line":14,"column":49}}],"line":14},"3":{"loc":{"start":{"line":17,"column":11},"end":{"line":32,"column":5}},"type":"if","locations":[{"start":{"line":17,"column":11},"end":{"line":32,"column":5}},{"start":{"line":17,"column":11},"end":{"line":32,"column":5}}],"line":17},"4":{"loc":{"start":{"line":17,"column":14},"end":{"line":17,"column":49}},"type":"binary-expr","locations":[{"start":{"line":17,"column":14},"end":{"line":17,"column":30}},{"start":{"line":17,"column":34},"end":{"line":17,"column":49}}],"line":17},"5":{"loc":{"start":{"line":20,"column":11},"end":{"line":32,"column":5}},"type":"if","locations":[{"start":{"line":20,"column":11},"end":{"line":32,"column":5}},{"start":{"line":20,"column":11},"end":{"line":32,"column":5}}],"line":20},"6":{"loc":{"start":{"line":20,"column":14},"end":{"line":20,"column":49}},"type":"binary-expr","locations":[{"start":{"line":20,"column":14},"end":{"line":20,"column":30}},{"start":{"line":20,"column":34},"end":{"line":20,"column":49}}],"line":20},"7":{"loc":{"start":{"line":23,"column":11},"end":{"line":32,"column":5}},"type":"if","locations":[{"start":{"line":23,"column":11},"end":{"line":32,"column":5}},{"start":{"line":23,"column":11},"end":{"line":32,"column":5}}],"line":23},"8":{"loc":{"start":{"line":23,"column":14},"end":{"line":23,"column":49}},"type":"binary-expr","locations":[{"start":{"line":23,"column":14},"end":{"line":23,"column":30}},{"start":{"line":23,"column":34},"end":{"line":23,"column":49}}],"line":23},"9":{"loc":{"start":{"line":26,"column":11},"end":{"line":32,"column":5}},"type":"if","locations":[{"start":{"line":26,"column":11},"end":{"line":32,"column":5}},{"start":{"line":26,"column":11},"end":{"line":32,"column":5}}],"line":26},"10":{"loc":{"start":{"line":26,"column":14},"end":{"line":26,"column":49}},"type":"binary-expr","locations":[{"start":{"line":26,"column":14},"end":{"line":26,"column":30}},{"start":{"line":26,"column":34},"end":{"line":26,"column":49}}],"line":26},"11":{"loc":{"start":{"line":29,"column":11},"end":{"line":32,"column":5}},"type":"if","locations":[{"start":{"line":29,"column":11},"end":{"line":32,"column":5}},{"start":{"line":29,"column":11},"end":{"line":32,"column":5}}],"line":29},"12":{"loc":{"start":{"line":29,"column":14},"end":{"line":29,"column":48}},"type":"binary-expr","locations":[{"start":{"line":29,"column":14},"end":{"line":29,"column":29}},{"start":{"line":29,"column":33},"end":{"line":29,"column":48}}],"line":29},"13":{"loc":{"start":{"line":38,"column":4},"end":{"line":41,"column":5}},"type":"if","locations":[{"start":{"line":38,"column":4},"end":{"line":41,"column":5}},{"start":{"line":38,"column":4},"end":{"line":41,"column":5}}],"line":38},"14":{"loc":{"start":{"line":42,"column":4},"end":{"line":45,"column":5}},"type":"if","locations":[{"start":{"line":42,"column":4},"end":{"line":45,"column":5}},{"start":{"line":42,"column":4},"end":{"line":45,"column":5}}],"line":42},"15":{"loc":{"start":{"line":46,"column":4},"end":{"line":49,"column":5}},"type":"if","locations":[{"start":{"line":46,"column":4},"end":{"line":49,"column":5}},{"start":{"line":46,"column":4},"end":{"line":49,"column":5}}],"line":46}},"s":{"0":2,"1":2,"2":2,"3":3,"4":3,"5":1,"6":1,"7":2,"8":0,"9":0,"10":2,"11":0,"12":0,"13":2,"14":0,"15":0,"16":2,"17":0,"18":0,"19":2,"20":0,"21":0,"22":2,"23":2,"24":2,"25":3,"26":0,"27":0,"28":0,"29":0,"30":0,"31":0,"32":0,"33":0,"34":0,"35":0,"36":1},"f":{"0":2,"1":3,"2":0},"b":{"0":[1,2],"1":[0,2],"2":[2,0],"3":[0,2],"4":[2,0],"5":[0,2],"6":[2,0],"7":[0,2],"8":[2,0],"9":[0,2],"10":[2,0],"11":[2,0],"12":[2,2],"13":[0,0],"14":[0,0],"15":[0,0]},"_coverageSchema":"1a1c01bbd47fc00a2c39e90264f33305004495a9","hash":"3744d87306c6c325095dbdee947f0dedab475008"}
,"E:\\PROJECTS\\RefactoryProjects\\uganda-grading\\models\\student.js": {"path":"E:\\PROJECTS\\RefactoryProjects\\uganda-grading\\models\\student.js","statementMap":{"0":{"start":{"line":3,"column":4},"end":{"line":3,"column":31}},"1":{"start":{"line":4,"column":4},"end":{"line":4,"column":33}}},"fnMap":{"0":{"name":"(anonymous_0)","decl":{"start":{"line":2,"column":2},"end":{"line":2,"column":3}},"loc":{"start":{"line":2,"column":37},"end":{"line":5,"column":3}},"line":2}},"branchMap":{},"s":{"0":0,"1":0},"f":{"0":0},"b":{},"_coverageSchema":"1a1c01bbd47fc00a2c39e90264f33305004495a9","hash":"eabfcf76154e33fa8cec30ffa9f2a960991fbf46"}
}
