TN:
SF:index.js
FNF:0
FNH:0
DA:1,1
DA:2,1
DA:4,1
DA:5,1
DA:7,1
DA:8,1
DA:10,1
LF:7
LH:7
BRF:0
BRH:0
end_of_record
TN:
SF:models\marks.js
FN:2,(anonymous_0)
FN:8,(anonymous_1)
FN:36,(anonymous_2)
FNF:3
FNH:2
FNDA:2,(anonymous_0)
FNDA:3,(anonymous_1)
FNDA:0,(anonymous_2)
DA:3,2
DA:4,2
DA:5,2
DA:9,3
DA:11,3
DA:12,1
DA:13,1
DA:14,2
DA:15,0
DA:16,0
DA:17,2
DA:18,0
DA:19,0
DA:20,2
DA:21,0
DA:22,0
DA:23,2
DA:24,0
DA:25,0
DA:26,2
DA:27,0
DA:28,0
DA:29,2
DA:30,2
DA:31,2
DA:33,3
DA:37,0
DA:38,0
DA:39,0
DA:40,0
DA:42,0
DA:43,0
DA:44,0
DA:46,0
DA:47,0
DA:48,0
DA:53,1
LF:37
LH:17
BRDA:11,0,0,1
BRDA:11,0,1,2
BRDA:14,1,0,0
BRDA:14,1,1,2
BRDA:14,2,0,2
BRDA:14,2,1,0
BRDA:17,3,0,0
BRDA:17,3,1,2
BRDA:17,4,0,2
BRDA:17,4,1,0
BRDA:20,5,0,0
BRDA:20,5,1,2
BRDA:20,6,0,2
BRDA:20,6,1,0
BRDA:23,7,0,0
BRDA:23,7,1,2
BRDA:23,8,0,2
BRDA:23,8,1,0
BRDA:26,9,0,0
BRDA:26,9,1,2
BRDA:26,10,0,2
BRDA:26,10,1,0
BRDA:29,11,0,2
BRDA:29,11,1,0
BRDA:29,12,0,2
BRDA:29,12,1,2
BRDA:38,13,0,0
BRDA:38,13,1,0
BRDA:42,14,0,0
BRDA:42,14,1,0
BRDA:46,15,0,0
BRDA:46,15,1,0
BRF:32
BRH:15
end_of_record
TN:
SF:models\student.js
FN:2,(anonymous_0)
FNF:1
FNH:0
FNDA:0,(anonymous_0)
DA:3,0
DA:4,0
LF:2
LH:0
BRF:0
BRH:0
end_of_record
